<?xml version="1.0" encoding="UTF-8"?>
<testsuite xmlns:xsi="http://www.w3.org/2001/XMLSchema-instance" xsi:noNamespaceSchemaLocation="https://maven.apache.org/surefire/maven-surefire-plugin/xsd/surefire-test-report-3.0.xsd" version="3.0" name="runners.RunCucumberTest" time="9.322" tests="1" errors="1" skipped="0" failures="0">
  <properties>
[...]
</properties>
  <testcase name="Login com sucesso" classname="Login no Swag Labs" time="8.119">
    <error message="The step &apos;que o usuário está na página de login do Swag Labs&apos; and 1 other step(s) are undefined.&#10;You can implement these steps using the snippet(s) below:&#10;&#10;@Dado(&quot;que o usuário está na página de login do Swag Labs&quot;)&#10;public void que_o_usuário_está_na_página_de_login_do_swag_labs() {&#10;    // Write code here that turns the phrase above into concrete actions&#10;    throw new io.cucumber.java.PendingException();&#10;}&#10;@Quando(&quot;ele preenche o usuário e senha válidos&quot;)&#10;public void ele_preenche_o_usuário_e_senha_válidos() {&#10;    // Write code here that turns the phrase above into concrete actions&#10;    throw new io.cucumber.java.PendingException();&#10;}&#10;" type="io.cucumber.junit.UndefinedStepException"><![CDATA[io.cucumber.junit.UndefinedStepException: 
The step 'que o usuário está na página de login do Swag Labs' and 1 other step(s) are undefined.
You can implement these steps using the snippet(s) below:

@Dado("que o usuário está na página de login do Swag Labs")
public void que_o_usuário_está_na_página_de_login_do_swag_labs() {
    // Write code here that turns the phrase above into concrete actions
    throw new io.cucumber.java.PendingException();
}
@Quando("ele preenche o usuário e senha válidos")
public void ele_preenche_o_usuário_e_senha_válidos() {
    // Write code here that turns the phrase above into concrete actions
    throw new io.cucumber.java.PendingException();
}

]]></error>
    <system-out><![CDATA[
CenÃ¡rio: Login com sucesso                                 # src/test/resources/features/Login.feature:7
  Dado que o usuÃ¡rio estÃ¡ na pÃ¡gina de login do Swag Labs
  Quando ele preenche o usuÃ¡rio e senha vÃ¡lidos
  EntÃ£o ele deve ser redirecionado para a tela de produtos # steps.LoginSteps.validarTelaProdutos()
]]></system-out>
    <system-err><![CDATA[out. 11, 2025 4:50:48 PM org.openqa.selenium.devtools.CdpVersionFinder findNearestMatch
WARNING: Unable to find CDP implementation matching 141
out. 11, 2025 4:50:48 PM org.openqa.selenium.chromium.ChromiumDriver lambda$new$5
WARNING: Unable to find version of CDP to use for 141.0.7390.66. You may need to include a dependency on a specific version of the CDP using something similar to `org.seleniumhq.selenium:selenium-devtools-v86:4.22.0` where the version ("v86") matches the version of the chromium-based browser you're using and the version number of the artifact is the same as Selenium's.
]]></system-err>
  </testcase>
</testsuite>